F:\VS\SNAKE\DEBUG\SNAKE.EXE
F:\VS\SNAKE\DEBUG\SNAKE.ILK
F:\VS\SNAKE\DEBUG\SNAKE.PDB
F:\vs\snake\snake\Debug\cl.command.1.tlog
F:\vs\snake\snake\Debug\CL.read.1.tlog
F:\vs\snake\snake\Debug\CL.write.1.tlog
F:\vs\snake\snake\Debug\link.command.1.tlog
F:\vs\snake\snake\Debug\link.read.1.tlog
F:\vs\snake\snake\Debug\link.write.1.tlog
F:\vs\snake\snake\Debug\link-cvtres.read.1.tlog
F:\vs\snake\snake\Debug\link-cvtres.write.1.tlog
F:\vs\snake\snake\Debug\mt.command.1.tlog
F:\vs\snake\snake\Debug\mt.read.1.tlog
F:\vs\snake\snake\Debug\mt.write.1.tlog
F:\vs\snake\snake\Debug\rc.command.1.tlog
F:\vs\snake\snake\Debug\rc.read.1.tlog
F:\vs\snake\snake\Debug\rc.write.1.tlog
F:\VS\SNAKE\SNAKE\DEBUG\SNAKE.EXE.EMBED.MANIFEST
F:\VS\SNAKE\SNAKE\DEBUG\SNAKE.EXE.EMBED.MANIFEST.RES
F:\VS\SNAKE\SNAKE\DEBUG\SNAKE.EXE.INTERMEDIATE.MANIFEST
F:\VS\SNAKE\SNAKE\DEBUG\SNAKE.OBJ
F:\VS\SNAKE\SNAKE\DEBUG\SNAKE.PCH
F:\VS\SNAKE\SNAKE\DEBUG\SNAKE.RES
F:\vs\snake\snake\Debug\snake_manifest.rc
F:\VS\SNAKE\SNAKE\DEBUG\STDAFX.OBJ
F:\vs\snake\snake\Debug\vc100.idb
F:\VS\SNAKE\SNAKE\DEBUG\VC100.PDB
